<?xml version="1.0" encoding="UTF-8"?>
<!-- Generated by org.testng.reporters.JUnitReportReporter -->
<testsuite hostname="DESKTOP-O6DBGU6" name="testng.AppTest" tests="3" failures="0" timestamp="8 Dec 2016 19:18:22 GMT" time="0.006" errors="0">
  <testcase name="logoutTests" time="0.001" classname="testng.AppTest"/>
  <testcase name="registrationTest" time="0.000" classname="testng.AppTest"/>
  <testcase name="loginTest" time="0.005" classname="testng.AppTest"/>
</testsuite> <!-- testng.AppTest -->
